Performing C SOURCE FILE Test CMAKE_HAVE_LIBC_PTHREAD failed with the following output:
Change Dir: /home/kevin/Documents/lidar_SLAM_learning/ch2/PA2/odom_ws/src/calib_odom/build/CMakeFiles/CMakeTmp

Run Build Command(s):/usr/bin/make cmTC_21b83/fast && /usr/bin/make -f CMakeFiles/cmTC_21b83.dir/build.make CMakeFiles/cmTC_21b83.dir/build
make[1]: Entering directory '/home/kevin/Documents/lidar_SLAM_learning/ch2/PA2/odom_ws/src/calib_odom/build/CMakeFiles/CMakeTmp'
Building C object CMakeFiles/cmTC_21b83.dir/src.c.o
/bin/clang-10   -DCMAKE_HAVE_LIBC_PTHREAD   -o CMakeFiles/cmTC_21b83.dir/src.c.o   -c /home/kevin/Documents/lidar_SLAM_learning/ch2/PA2/odom_ws/src/calib_odom/build/CMakeFiles/CMakeTmp/src.c
Linking C executable cmTC_21b83
/usr/bin/cmake -E cmake_link_script CMakeFiles/cmTC_21b83.dir/link.txt --verbose=1
/bin/clang-10  -DCMAKE_HAVE_LIBC_PTHREAD    -rdynamic CMakeFiles/cmTC_21b83.dir/src.c.o  -o cmTC_21b83 
/bin/ld: CMakeFiles/cmTC_21b83.dir/src.c.o: in function `main':
src.c:(.text+0x35): undefined reference to `pthread_create'
/bin/ld: src.c:(.text+0x41): undefined reference to `pthread_detach'
/bin/ld: src.c:(.text+0x53): undefined reference to `pthread_join'
clang: error: linker command failed with exit code 1 (use -v to see invocation)
make[1]: *** [CMakeFiles/cmTC_21b83.dir/build.make:87: cmTC_21b83] Error 1
make[1]: Leaving directory '/home/kevin/Documents/lidar_SLAM_learning/ch2/PA2/odom_ws/src/calib_odom/build/CMakeFiles/CMakeTmp'
make: *** [Makefile:121: cmTC_21b83/fast] Error 2


Source file was:
#include <pthread.h>

void* test_func(void* data)
{
  return data;
}

int main(void)
{
  pthread_t thread;
  pthread_create(&thread, NULL, test_func, NULL);
  pthread_detach(thread);
  pthread_join(thread, NULL);
  pthread_atfork(NULL, NULL, NULL);
  pthread_exit(NULL);

  return 0;
}

Determining if the function pthread_create exists in the pthreads failed with the following output:
Change Dir: /home/kevin/Documents/lidar_SLAM_learning/ch2/PA2/odom_ws/src/calib_odom/build/CMakeFiles/CMakeTmp

Run Build Command(s):/usr/bin/make cmTC_0c32f/fast && /usr/bin/make -f CMakeFiles/cmTC_0c32f.dir/build.make CMakeFiles/cmTC_0c32f.dir/build
make[1]: Entering directory '/home/kevin/Documents/lidar_SLAM_learning/ch2/PA2/odom_ws/src/calib_odom/build/CMakeFiles/CMakeTmp'
Building C object CMakeFiles/cmTC_0c32f.dir/CheckFunctionExists.c.o
/bin/clang-10   -DCHECK_FUNCTION_EXISTS=pthread_create   -o CMakeFiles/cmTC_0c32f.dir/CheckFunctionExists.c.o   -c /usr/share/cmake-3.16/Modules/CheckFunctionExists.c
Linking C executable cmTC_0c32f
/usr/bin/cmake -E cmake_link_script CMakeFiles/cmTC_0c32f.dir/link.txt --verbose=1
/bin/clang-10  -DCHECK_FUNCTION_EXISTS=pthread_create    -rdynamic CMakeFiles/cmTC_0c32f.dir/CheckFunctionExists.c.o  -o cmTC_0c32f  -lpthreads 
/bin/ld: cannot find -lpthreads
clang: error: linker command failed with exit code 1 (use -v to see invocation)
make[1]: *** [CMakeFiles/cmTC_0c32f.dir/build.make:87: cmTC_0c32f] Error 1
make[1]: Leaving directory '/home/kevin/Documents/lidar_SLAM_learning/ch2/PA2/odom_ws/src/calib_odom/build/CMakeFiles/CMakeTmp'
make: *** [Makefile:121: cmTC_0c32f/fast] Error 2



